
Showing logs for build [32msagarcitius-angular-demo-master-xd8jg-2[0m stage [32mfrom-build-pack[0m and container [32mstep-credential-initializer-d778w[0m
{"level":"warn","ts":1579000806.1720204,"logger":"fallback-logger","caller":"logging/config.go:69","msg":"Fetch GitHub commit ID from kodata failed: \"ref: refs/heads/0.8.0-**-support-backwards-incompats\" is not a valid GitHub commit ID"}
{"level":"info","ts":1579000806.1723645,"logger":"fallback-logger","caller":"creds-init/main.go:40","msg":"Credentials initialized."}

Showing logs for build [32msagarcitius-angular-demo-master-xd8jg-2[0m stage [32mfrom-build-pack[0m and container [32mstep-working-dir-initializer-glwmx[0m
{"level":"warn","ts":1579000807.4126322,"logger":"fallback-logger","caller":"logging/config.go:69","msg":"Fetch GitHub commit ID from kodata failed: open /var/run/ko/HEAD: no such file or directory"}
{"level":"info","ts":1579000807.4139404,"logger":"fallback-logger","caller":"bash/main.go:64","msg":"Successfully executed command \"sh -c mkdir -p /workspace/source\"; output "}

Showing logs for build [32msagarcitius-angular-demo-master-xd8jg-2[0m stage [32mfrom-build-pack[0m and container [32mstep-place-tools[0m

Showing logs for build [32msagarcitius-angular-demo-master-xd8jg-2[0m stage [32mfrom-build-pack[0m and container [32mstep-git-source-sagarcitius-angular-demo-master-r75mg[0m
{"level":"warn","ts":1579000812.4595807,"logger":"fallback-logger","caller":"logging/config.go:69","msg":"Fetch GitHub commit ID from kodata failed: \"ref: refs/heads/0.8.0-**-support-backwards-incompats\" is not a valid GitHub commit ID"}
{"level":"info","ts":1579000814.792363,"logger":"fallback-logger","caller":"git/git.go:103","msg":"Successfully cloned https://github.com/***********/angular-demo.git @ v0.0.2 in path /workspace/source"}

Showing logs for build [32msagarcitius-angular-demo-master-xd8jg-2[0m stage [32mfrom-build-pack[0m and container [32mstep-git-merge[0m
Using SHAs from PULL_REFS=master:0b80eb762584abd9f45a465c4db324d4bb9b683b
WARNING: no SHAs to merge, falling back to initial cloned commit

Showing logs for build [32msagarcitius-angular-demo-master-xd8jg-2[0m stage [32mfrom-build-pack[0m and container [32mstep-setup-jx-git-credentials[0m
Generated Git credentials file /workspace/xdg_config/git/credentials

Showing logs for build [32msagarcitius-angular-demo-master-xd8jg-2[0m stage [32mfrom-build-pack[0m and container [32mstep-build-npmrc[0m
Command "credential" is deprecated, it will be removed on Feb 1 2020.  This is replaced by Tekton's mounted secrets
WARNING: failed to find Secret npm-token in namespace **

Showing logs for build [32msagarcitius-angular-demo-master-xd8jg-2[0m stage [32mfrom-build-pack[0m and container [32mstep-build-npm-install[0m

> core-js@3.2.1 postinstall /workspace/source/node_modules/@angular-devkit/build-angular/node_modules/core-js
> node scripts/postinstall || echo "ignore"

[96mThank you for using core-js ([94m https://github.com/zloirock/core-js [96m) for polyfilling JavaScript standard library![0m

[96mThe project needs your help! Please consider supporting of core-js on Open Collective or Patreon: [0m
[96m>[94m https://opencollective.com/core-js [0m
[96m>[94m https://www.patreon.com/zloirock [0m

[96mAlso, the author of core-js ([94m https://github.com/zloirock [96m) is looking for a good job -)[0m


> core-js@2.6.11 postinstall /workspace/source/node_modules/babel-runtime/node_modules/core-js
> node -e "try{require('./postinstall')}catch(e){}"


> core-js@3.6.2 postinstall /workspace/source/node_modules/core-js
> node -e "try{require('./postinstall')}catch(e){}"


> @angular/cli@8.3.21 postinstall /workspace/source/node_modules/@angular/cli
> node ./bin/postinstall/script.js

npm WARN formio-angular-demo@2.5.0 No repository field.
npm WARN formio-angular-demo@2.5.0 No license field.
npm WARN optional SKIPPING OPTIONAL DEPENDENCY: fsevents@1.2.11 (node_modules/webpack-dev-server/node_modules/fsevents):
npm WARN notsup SKIPPING OPTIONAL DEPENDENCY: Unsupported platform for fsevents@1.2.11: wanted {"os":"darwin","arch":"any"} (current: {"os":"linux","arch":"x64"})
npm WARN optional SKIPPING OPTIONAL DEPENDENCY: fsevents@1.2.11 (node_modules/watchpack/node_modules/fsevents):
npm WARN notsup SKIPPING OPTIONAL DEPENDENCY: Unsupported platform for fsevents@1.2.11: wanted {"os":"darwin","arch":"any"} (current: {"os":"linux","arch":"x64"})
npm WARN optional SKIPPING OPTIONAL DEPENDENCY: fsevents@1.2.9 (node_modules/@angular/compiler-cli/node_modules/fsevents):
npm WARN notsup SKIPPING OPTIONAL DEPENDENCY: Unsupported platform for fsevents@1.2.9: wanted {"os":"darwin","arch":"any"} (current: {"os":"linux","arch":"x64"})
npm WARN optional SKIPPING OPTIONAL DEPENDENCY: fsevents@2.1.2 (node_modules/fsevents):
npm WARN notsup SKIPPING OPTIONAL DEPENDENCY: Unsupported platform for fsevents@2.1.2: wanted {"os":"darwin","arch":"any"} (current: {"os":"linux","arch":"x64"})

added 1253 packages from 1149 contributors and audited 16729 packages in 27.692s
found 2 high severity vulnerabilities
  run `npm audit fix` to fix them, or `npm audit` for details

Showing logs for build [32msagarcitius-angular-demo-master-xd8jg-2[0m stage [32mfrom-build-pack[0m and container [32mstep-build-npm-test[0m

> formio-angular-demo@2.5.0 test /workspace/source
> echo 'Error: no test specified'

Error: no test specified

Showing logs for build [32msagarcitius-angular-demo-master-xd8jg-2[0m stage [32mfrom-build-pack[0m and container [32mstep-build-container-build[0m
[36mINFO[0m[0000] Downloading base image node:10.18.1-alpine3.9 
[36mINFO[0m[0002] Error while retrieving image from cache: getting file info: stat /workspace/sha256:2ef7d4b45e6099b813dd4a34862df0b51bbb5011da738230d0056b10043bf247: no such file or directory 
[36mINFO[0m[0002] Downloading base image node:10.18.1-alpine3.9 
[36mINFO[0m[0004] cmd: EXPOSE                                  
[36mINFO[0m[0004] Adding exposed port: 8080/tcp                
[36mINFO[0m[0004] Using files from context: [/workspace/source] 
[36mINFO[0m[0006] Skipping unpacking as no commands require it. 
[36mINFO[0m[0006] Taking snapshot of full filesystem...        
[36mINFO[0m[0006] ENV PORT 8080                                
[36mINFO[0m[0006] No files changed in this command, skipping snapshotting. 
[36mINFO[0m[0006] EXPOSE 8080                                  
[36mINFO[0m[0006] cmd: EXPOSE                                  
[36mINFO[0m[0006] Adding exposed port: 8080/tcp                
[36mINFO[0m[0006] No files changed in this command, skipping snapshotting. 
[36mINFO[0m[0006] WORKDIR /usr/src/app                         
[36mINFO[0m[0006] cmd: workdir                                 
[36mINFO[0m[0006] Changed working directory to /usr/src/app    
[36mINFO[0m[0006] Creating directory /usr/src/app              
[36mINFO[0m[0006] Taking snapshot of files...                  
[36mINFO[0m[0006] Using files from context: [/workspace/source] 
[36mINFO[0m[0008] COPY . .                                     
[36mINFO[0m[0023] Taking snapshot of files...                  
[36mINFO[0m[0035] CMD ["npm", "start"]                         
[36mINFO[0m[0035] No files changed in this command, skipping snapshotting. 
2020/01/14 11:21:22 pushed blob: sha256:449acab888679eaa2468d43194b0f55e1b43adbe5de8fd53ded7995d9a04e584
2020/01/14 11:21:22 pushed blob: sha256:d16a2479506bd555235bbae5fd4b7bc3816bb64fd4f414ad5ae09ef4954c7db6
2020/01/14 11:21:23 pushed blob: sha256:e7c96db7181be991f19a9fb6975cdbbd73c65f4a2681348e63a141a2192a5f10
2020/01/14 11:21:24 pushed blob: sha256:7b66ea2f8ebf65b990a215de8d3e82df9ac1003a7ccd0e9848f7a28d67b3c2e2
2020/01/14 11:21:24 pushed blob: sha256:5233358ae6ccc77c9e4abe60bc627efa27bd64b106345a3e8462e968648aaea1
2020/01/14 11:21:27 pushed blob: sha256:12cc14d628ad88456b57a5ae6ca13ed8acbd0c3b5067be8e8c60815e8ed6ae6a
2020/01/14 11:21:36 pushed blob: sha256:f74ed5fc8ccc8fb3ca0d53cdef92e0a9f7a943b06015e10855c17f1aba033f14
2020/01/14 11:21:36 746149138047.dkr.ecr.ap-south-1.amazonaws.com/***********/angular-demo:0.0.2: digest: sha256:3f8cb2cabc016dacd9ec1dbe13a810999b56ca02ef8fabe9b9f92e081d39b50c size: 1243

Showing logs for build [32msagarcitius-angular-demo-master-xd8jg-2[0m stage [32mfrom-build-pack[0m and container [32mstep-build-post-build[0m
no CVE provider running in the current ** namespace so skip adding image to be analysed

Showing logs for build [32msagarcitius-angular-demo-master-xd8jg-2[0m stage [32mfrom-build-pack[0m and container [32mstep-promote-changelog[0m
Converted /workspace/source/charts/angular-demo to an unshallow repository
Generating change log from git ref 299a992f11abfb984ebd935ecef93d956c0b9d6b => 60bb4a8388c696788fb87bb66a5cea9c53bd52b9
Associating user x-0 in users.jenkins.io with email sagar.pimparkar@citiustech.com to git GitProvider user with login -0 as emails match
Adding label jenkins.io/git-github-userid=-0 to user x-0 in users.jenkins.io
WARNING: Failed to enrich commit 0b80eb762584abd9f45a465c4db324d4bb9b683b with issues: User.jenkins.io "x-0" is invalid: metadata.labels: Invalid value: "-0": a valid label must be an empty string or consist of alphanumeric characters, '-', '_' or '.', and must start and end with an alphanumeric character (e.g. 'MyValue',  or 'my_value',  or '12345', regex used for validation is '(([A-Za-z0-9][-A-Za-z0-9_.]*)?[A-Za-z0-9])?')
Associating user x-0 in users.jenkins.io with email sagar.pimparkar@citiustech.com to git GitProvider user with login -0 as emails match
Adding label jenkins.io/git-github-userid=-0 to user x-0 in users.jenkins.io
WARNING: Failed to enrich commit 0b80eb762584abd9f45a465c4db324d4bb9b683b with issues: User.jenkins.io "x-0" is invalid: metadata.labels: Invalid value: "-0": a valid label must be an empty string or consist of alphanumeric characters, '-', '_' or '.', and must start and end with an alphanumeric character (e.g. 'MyValue',  or 'my_value',  or '12345', regex used for validation is '(([A-Za-z0-9][-A-Za-z0-9_.]*)?[A-Za-z0-9])?')
Finding issues in commit messages using git format
WARNING: No release found for ***********/angular-demo and tag v0.0.2 so creating a new release
Updated the release information at https://github.com/***********/angular-demo/releases/tag/v0.0.2
generated: /workspace/source/charts/angular-demo/templates/release.yaml
Created Release angular-demo-0-0-2 resource in namespace **
Updating PipelineActivity ***********-angular-demo-master-2 with version 0.0.2
Updated PipelineActivities ***********-angular-demo-master-2 with release notes URL: https://github.com/***********/angular-demo/releases/tag/v0.0.2

Showing logs for build [32msagarcitius-angular-demo-master-xd8jg-2[0m stage [32mfrom-build-pack[0m and container [32mstep-promote-helm-release[0m
WARNING: No $CHART_REPOSITORY defined so using the default value of: http://jenkins-x-chartmuseum:8080
Adding missing Helm repo: storage.googleapis.com https://storage.googleapis.com/chartmuseum.jenkins-x.io
Successfully added Helm repository storage.googleapis.com.
Adding missing Helm repo: jenkins-x-chartmuseum http://jenkins-x-chartmuseum:8080
Successfully added Helm repository jenkins-x-chartmuseum.
WARNING: No $CHART_REPOSITORY defined so using the default value of: http://jenkins-x-chartmuseum:8080
Uploading chart file angular-demo-0.0.2.tgz to http://jenkins-x-chartmuseum:8080/api/charts
Received 201 response: {"saved":true}

Showing logs for build [32msagarcitius-angular-demo-master-xd8jg-2[0m stage [32mfrom-build-pack[0m and container [32mstep-promote-jx-promote[0m
WARNING: prow based install so skip waiting for the merge of Pull Requests to go green as currently there is an issue with gettingstatuses from the PR, see https://github.com/jenkins-x/**/issues/2410
WARNING: No $CHART_REPOSITORY defined so using the default value of: http://jenkins-x-chartmuseum:8080
Promoting app angular-demo version 0.0.2 to namespace **-staging
Created Pull Request: https://github.com/***********/environment-apewheat-staging/pull/2
Added label updatebot to Pull Request https://github.com/***********/environment-apewheat-staging/pull/2
got git provider status pending from PR https://github.com/***********/environment-apewheat-staging/pull/2
Pull Request https://github.com/***********/environment-apewheat-staging/pull/2 is merged at sha 853d80c01ea06d29739cab3e696b7619b6f209f6
Pull Request merged but we are not waiting for the update pipeline to complete!
