
Showing logs for build [32msagarcitius-angular-demo-master-fkxdf-3[0m stage [32mfrom-build-pack[0m and container [32mstep-credential-initializer-cbwln[0m
{"level":"warn","ts":1579001676.540374,"logger":"fallback-logger","caller":"logging/config.go:69","msg":"Fetch GitHub commit ID from kodata failed: \"ref: refs/heads/0.8.0-**-support-backwards-incompats\" is not a valid GitHub commit ID"}
{"level":"info","ts":1579001676.5407186,"logger":"fallback-logger","caller":"creds-init/main.go:40","msg":"Credentials initialized."}

Showing logs for build [32msagarcitius-angular-demo-master-fkxdf-3[0m stage [32mfrom-build-pack[0m and container [32mstep-working-dir-initializer-8nx4f[0m
{"level":"warn","ts":1579001677.82337,"logger":"fallback-logger","caller":"logging/config.go:69","msg":"Fetch GitHub commit ID from kodata failed: open /var/run/ko/HEAD: no such file or directory"}
{"level":"info","ts":1579001677.824176,"logger":"fallback-logger","caller":"bash/main.go:64","msg":"Successfully executed command \"sh -c mkdir -p /workspace/source\"; output "}

Showing logs for build [32msagarcitius-angular-demo-master-fkxdf-3[0m stage [32mfrom-build-pack[0m and container [32mstep-place-tools[0m

Showing logs for build [32msagarcitius-angular-demo-master-fkxdf-3[0m stage [32mfrom-build-pack[0m and container [32mstep-git-source-sagarcitius-angular-demo-master-tzcns[0m
{"level":"warn","ts":1579001683.9039123,"logger":"fallback-logger","caller":"logging/config.go:69","msg":"Fetch GitHub commit ID from kodata failed: \"ref: refs/heads/0.8.0-**-support-backwards-incompats\" is not a valid GitHub commit ID"}
{"level":"info","ts":1579001686.2449768,"logger":"fallback-logger","caller":"git/git.go:103","msg":"Successfully cloned https://github.com/***********/angular-demo.git @ v0.0.3 in path /workspace/source"}

Showing logs for build [32msagarcitius-angular-demo-master-fkxdf-3[0m stage [32mfrom-build-pack[0m and container [32mstep-git-merge[0m
Using SHAs from PULL_REFS=master:b88a6d2214d0211f96a3f129e4ec31f8e88750a9
WARNING: no SHAs to merge, falling back to initial cloned commit

Showing logs for build [32msagarcitius-angular-demo-master-fkxdf-3[0m stage [32mfrom-build-pack[0m and container [32mstep-setup-jx-git-credentials[0m
Generated Git credentials file /workspace/xdg_config/git/credentials

Showing logs for build [32msagarcitius-angular-demo-master-fkxdf-3[0m stage [32mfrom-build-pack[0m and container [32mstep-build-npmrc[0m
Command "credential" is deprecated, it will be removed on Feb 1 2020.  This is replaced by Tekton's mounted secrets
WARNING: failed to find Secret npm-token in namespace **

Showing logs for build [32msagarcitius-angular-demo-master-fkxdf-3[0m stage [32mfrom-build-pack[0m and container [32mstep-build-npm-install[0m

> core-js@3.2.1 postinstall /workspace/source/node_modules/@angular-devkit/build-angular/node_modules/core-js
> node scripts/postinstall || echo "ignore"

[96mThank you for using core-js ([94m https://github.com/zloirock/core-js [96m) for polyfilling JavaScript standard library![0m

[96mThe project needs your help! Please consider supporting of core-js on Open Collective or Patreon: [0m
[96m>[94m https://opencollective.com/core-js [0m
[96m>[94m https://www.patreon.com/zloirock [0m

[96mAlso, the author of core-js ([94m https://github.com/zloirock [96m) is looking for a good job -)[0m


> core-js@2.6.11 postinstall /workspace/source/node_modules/babel-runtime/node_modules/core-js
> node -e "try{require('./postinstall')}catch(e){}"


> core-js@3.6.2 postinstall /workspace/source/node_modules/core-js
> node -e "try{require('./postinstall')}catch(e){}"


> @angular/cli@8.3.21 postinstall /workspace/source/node_modules/@angular/cli
> node ./bin/postinstall/script.js

npm WARN formio-angular-demo@2.5.0 No repository field.
npm WARN formio-angular-demo@2.5.0 No license field.
npm WARN optional SKIPPING OPTIONAL DEPENDENCY: fsevents@1.2.11 (node_modules/webpack-dev-server/node_modules/fsevents):
npm WARN notsup SKIPPING OPTIONAL DEPENDENCY: Unsupported platform for fsevents@1.2.11: wanted {"os":"darwin","arch":"any"} (current: {"os":"linux","arch":"x64"})
npm WARN optional SKIPPING OPTIONAL DEPENDENCY: fsevents@1.2.11 (node_modules/watchpack/node_modules/fsevents):
npm WARN notsup SKIPPING OPTIONAL DEPENDENCY: Unsupported platform for fsevents@1.2.11: wanted {"os":"darwin","arch":"any"} (current: {"os":"linux","arch":"x64"})
npm WARN optional SKIPPING OPTIONAL DEPENDENCY: fsevents@1.2.9 (node_modules/@angular/compiler-cli/node_modules/fsevents):
npm WARN notsup SKIPPING OPTIONAL DEPENDENCY: Unsupported platform for fsevents@1.2.9: wanted {"os":"darwin","arch":"any"} (current: {"os":"linux","arch":"x64"})
npm WARN optional SKIPPING OPTIONAL DEPENDENCY: fsevents@2.1.2 (node_modules/fsevents):
npm WARN notsup SKIPPING OPTIONAL DEPENDENCY: Unsupported platform for fsevents@2.1.2: wanted {"os":"darwin","arch":"any"} (current: {"os":"linux","arch":"x64"})

added 1253 packages from 1149 contributors and audited 16729 packages in 30.124s
found 2 high severity vulnerabilities
  run `npm audit fix` to fix them, or `npm audit` for details

Showing logs for build [32msagarcitius-angular-demo-master-fkxdf-3[0m stage [32mfrom-build-pack[0m and container [32mstep-build-npm-test[0m

> formio-angular-demo@2.5.0 test /workspace/source
> echo 'Error: no test specified'

Error: no test specified

Showing logs for build [32msagarcitius-angular-demo-master-fkxdf-3[0m stage [32mfrom-build-pack[0m and container [32mstep-build-container-build[0m
[36mINFO[0m[0000] Downloading base image node:12.7-alpine      
[36mINFO[0m[0002] Error while retrieving image from cache: getting file info: stat /workspace/sha256:cd8fa10d1f51a37f15062008f6256c89402b86431365bfff3be6c14e21548000: no such file or directory 
[36mINFO[0m[0002] Downloading base image node:12.7-alpine      
[36mINFO[0m[0003] Using files from context: [/workspace/source/package.json] 
[36mINFO[0m[0003] Checking for cached layer 746149138047.dkr.ecr.ap-south-1.amazonaws.com/todo/cache:e8bab7feb0e621dce59d4b172f482fa0132c54f3818c6a68b8f50a297d447008... 
[36mINFO[0m[0004] No cached layer found for cmd RUN npm install 
[36mINFO[0m[0004] Unpacking rootfs as cmd RUN npm install requires it. 
[36mINFO[0m[0006] Taking snapshot of full filesystem...        
[36mINFO[0m[0007] WORKDIR /usr/src/app                         
[36mINFO[0m[0007] cmd: workdir                                 
[36mINFO[0m[0007] Changed working directory to /usr/src/app    
[36mINFO[0m[0007] Creating directory /usr/src/app              
[36mINFO[0m[0007] Taking snapshot of files...                  
[36mINFO[0m[0007] Using files from context: [/workspace/source/package.json] 
[36mINFO[0m[0007] COPY package.json ./                         
[36mINFO[0m[0007] Taking snapshot of files...                  
[36mINFO[0m[0007] RUN npm install                              
[36mINFO[0m[0007] cmd: /bin/sh                                 
[36mINFO[0m[0007] args: [-c npm install]                       
npm WARN deprecated core-js@2.6.11: core-js@<3 is no longer maintained and not recommended for usage due to the number of issues. Please, upgrade your dependencies to the actual version of core-js@3.

> core-js@3.2.1 postinstall /usr/src/app/node_modules/@angular-devkit/build-angular/node_modules/core-js
> node scripts/postinstall || echo "ignore"

[96mThank you for using core-js ([94m https://github.com/zloirock/core-js [96m) for polyfilling JavaScript standard library![0m

[96mThe project needs your help! Please consider supporting of core-js on Open Collective or Patreon: [0m
[96m>[94m https://opencollective.com/core-js [0m
[96m>[94m https://www.patreon.com/zloirock [0m

[96mAlso, the author of core-js ([94m https://github.com/zloirock [96m) is looking for a good job -)[0m


> core-js@2.6.11 postinstall /usr/src/app/node_modules/babel-runtime/node_modules/core-js
> node -e "try{require('./postinstall')}catch(e){}"

[96mThank you for using core-js ([94m https://github.com/zloirock/core-js [96m) for polyfilling JavaScript standard library![0m

[96mThe project needs your help! Please consider supporting of core-js on Open Collective or Patreon: [0m
[96m>[94m https://opencollective.com/core-js [0m
[96m>[94m https://www.patreon.com/zloirock [0m

[96mAlso, the author of core-js ([94m https://github.com/zloirock [96m) is looking for a good job -)[0m


> core-js@3.6.4 postinstall /usr/src/app/node_modules/core-js
> node -e "try{require('./postinstall')}catch(e){}"

[96mThank you for using core-js ([94m https://github.com/zloirock/core-js [96m) for polyfilling JavaScript standard library![0m

[96mThe project needs your help! Please consider supporting of core-js on Open Collective or Patreon: [0m
[96m>[94m https://opencollective.com/core-js [0m
[96m>[94m https://www.patreon.com/zloirock [0m

[96mAlso, the author of core-js ([94m https://github.com/zloirock [96m) is looking for a good job -)[0m


> @angular/cli@8.3.22 postinstall /usr/src/app/node_modules/@angular/cli
> node ./bin/postinstall/script.js

npm notice created a lockfile as package-lock.json. You should commit this file.
npm WARN @angular/core@8.2.14 requires a peer of zone.js@~0.9.1 but none is installed. You must install peer dependencies yourself.
npm WARN @angular/http@7.2.16 requires a peer of @angular/core@7.2.16 but none is installed. You must install peer dependencies yourself.
npm WARN @angular/http@7.2.16 requires a peer of @angular/platform-browser@7.2.16 but none is installed. You must install peer dependencies yourself.
npm WARN angular-formio@4.4.4 requires a peer of zone.js@^0.8.0 but none is installed. You must install peer dependencies yourself.
npm WARN @rollup/plugin-commonjs@11.0.1 requires a peer of rollup@^1.20.0 but none is installed. You must install peer dependencies yourself.
npm WARN @rollup/pluginutils@3.0.4 requires a peer of rollup@^1.20.0 but none is installed. You must install peer dependencies yourself.
npm WARN formio-angular-demo@2.5.0 No description
npm WARN formio-angular-demo@2.5.0 No repository field.
npm WARN formio-angular-demo@2.5.0 No license field.
npm WARN optional SKIPPING OPTIONAL DEPENDENCY: fsevents@1.2.11 (node_modules/webpack-dev-server/node_modules/fsevents):
npm WARN notsup SKIPPING OPTIONAL DEPENDENCY: Unsupported platform for fsevents@1.2.11: wanted {"os":"darwin","arch":"any"} (current: {"os":"linux","arch":"x64"})
npm WARN optional SKIPPING OPTIONAL DEPENDENCY: fsevents@1.2.11 (node_modules/watchpack/node_modules/fsevents):
npm WARN notsup SKIPPING OPTIONAL DEPENDENCY: Unsupported platform for fsevents@1.2.11: wanted {"os":"darwin","arch":"any"} (current: {"os":"linux","arch":"x64"})
npm WARN optional SKIPPING OPTIONAL DEPENDENCY: fsevents@1.2.11 (node_modules/@angular/compiler-cli/node_modules/fsevents):
npm WARN notsup SKIPPING OPTIONAL DEPENDENCY: Unsupported platform for fsevents@1.2.11: wanted {"os":"darwin","arch":"any"} (current: {"os":"linux","arch":"x64"})
npm WARN optional SKIPPING OPTIONAL DEPENDENCY: fsevents@2.1.2 (node_modules/fsevents):
npm WARN notsup SKIPPING OPTIONAL DEPENDENCY: Unsupported platform for fsevents@2.1.2: wanted {"os":"darwin","arch":"any"} (current: {"os":"linux","arch":"x64"})

added 1245 packages from 1151 contributors and audited 16699 packages in 42.45s
found 2 high severity vulnerabilities
  run `npm audit fix` to fix them, or `npm audit` for details
[36mINFO[0m[0050] Taking snapshot of full filesystem...        
[36mINFO[0m[0068] Pushing layer 746149138047.dkr.ecr.ap-south-1.amazonaws.com/todo/cache:e8bab7feb0e621dce59d4b172f482fa0132c54f3818c6a68b8f50a297d447008 to cache now 
[36mINFO[0m[0068] Using files from context: [/workspace/source] 
[36mINFO[0m[0104] COPY . .                                     
[36mINFO[0m[0142] Taking snapshot of files...                  
[36mINFO[0m[0172] RUN npm run build                            
[36mINFO[0m[0172] cmd: /bin/sh                                 
[36mINFO[0m[0172] args: [-c npm run build]                     

> formio-angular-demo@2.5.0 build /usr/src/app
> ng build

Browserslist: caniuse-lite is outdated. Please run next command `npm update`

chunk {auth-auth-module} auth-auth-module.js, auth-auth-module.js.map (auth-auth-module) 14.4 kB  [rendered]
chunk {event-event-module} event-event-module.js, event-event-module.js.map (event-event-module) 15.3 kB  [rendered]
chunk {form-form-module} form-form-module.js, form-form-module.js.map (form-form-module) 241 kB  [rendered]
chunk {forms-forms-module} forms-forms-module.js, forms-forms-module.js.map (forms-forms-module) 104 kB  [rendered]
chunk {main} main.js, main.js.map (main) 44.5 kB [initial] [rendered]
chunk {participant-participant-module} participant-participant-module.js, participant-participant-module.js.map (participant-participant-module) 3.7 kB  [rendered]
chunk {polyfills} polyfills.js, polyfills.js.map (polyfills) 314 kB [initial] [rendered]
chunk {polyfills-es5} polyfills-es5.js, polyfills-es5.js.map (polyfills-es5) 696 kB [initial] [rendered]
chunk {runtime} runtime.js, runtime.js.map (runtime) 9.19 kB [entry] [rendered]
chunk {scripts} scripts.js, scripts.js.map (scripts) 386 kB [entry] [rendered]
chunk {styles} styles.js, styles.js.map (styles) 1.03 MB [initial] [rendered]
chunk {vendor} vendor.js, vendor.js.map (vendor) 10.6 MB [initial] [rendered]
Date: 2020-01-14T11:38:48.040Z - Hash: 2877dad25f9fd8774c87 - Time: 31361ms
[36mINFO[0m[0208] Taking snapshot of full filesystem...        
[36mINFO[0m[0239] Pushing layer 746149138047.dkr.ecr.ap-south-1.amazonaws.com/todo/cache:6f2a30ffdba4517864f474f1cbe051e90270972624049c8bbea6d2ce51a878eb to cache now 
[33mWARN[0m[0239] error uploading layer to cache: failed to push to destination 746149138047.dkr.ecr.ap-south-1.amazonaws.com/todo/cache:e8bab7feb0e621dce59d4b172f482fa0132c54f3818c6a68b8f50a297d447008: NAME_UNKNOWN: The repository with name 'todo/cache' does not exist in the registry with id '746149138047' 
[36mINFO[0m[0239] Storing source image from stage 0 at path /kaniko/stages/0 
[36mINFO[0m[0281] Deleting filesystem...                       
[36mINFO[0m[0284] Downloading base image nginx:1.17.1-alpine   
[36mINFO[0m[0286] Error while retrieving image from cache: getting file info: stat /workspace/sha256:20b62c392073deac500292d6b37c851bb4d00986edb3d73d08c0f0e65019ce6c: no such file or directory 
[36mINFO[0m[0286] Downloading base image nginx:1.17.1-alpine   
[36mINFO[0m[0288] cmd: EXPOSE                                  
[36mINFO[0m[0288] Adding exposed port: 80/tcp                  
[36mINFO[0m[0288] Skipping unpacking as no commands require it. 
[36mINFO[0m[0288] Taking snapshot of full filesystem...        
error building image: error building stage: lstat /kaniko/0/usr/src/app/dist/angular-demo: no such file or directory
[36mINFO[0m[0290] COPY --from=build /usr/src/app/dist/angular-demo /usr/share/nginx/html 
[31m
Pipeline failed on stage 'from-build-pack' : container 'step-build-container-build'. The execution of the pipeline has stopped.[0m
